SF:/home/sunidhi/.nuget/packages/microsoft.net.test.sdk/16.4.0/build/netcoreapp2.1/Microsoft.NET.Test.Sdk.Program.cs
FN:3,System.Void AutoGeneratedProgram::Main(System.String[])
FNDA:0,System.Void AutoGeneratedProgram::Main(System.String[])
DA:4,0
LF:1
LH:0
BRF:0
BRH:0
FNF:1
FNH:0
end_of_record
SF:/home/sunidhi/Desktop/Sunidhi-Personal/Projects/full-stack/api/Emailer/Emailer.Tests/WeatherForecastTests.cs
FN:11,System.Void Emailer.WeatherForecastTests::Setting_Summary_Should_Work()
FNDA:1,System.Void Emailer.WeatherForecastTests::Setting_Summary_Should_Work()
DA:12,1
DA:13,1
DA:14,1
LF:3
LH:3
BRF:0
BRH:0
FNF:1
FNH:1
end_of_record